<?xml version="1.0" encoding="UTF-8"?>
<!-- Generated by org.testng.reporters.JUnitReportReporter -->
<testsuite hostname="DESKTOP-OE0KDNJ" failures="0" tests="1" name="com.inetBanking.pageObject.BeforeTestEx" time="5.136" errors="0" timestamp="2021-12-01T11:45:14 IST" skipped="0">
  <testcase classname="com.inetBanking.pageObject.BeforeTestEx" name="getTittle" time="5.136"/>
  <system-out/>
</testsuite> <!-- com.inetBanking.pageObject.BeforeTestEx -->
