<?xml version="1.0" encoding="UTF-8"?>
<!-- Generated by org.testng.reporters.JUnitReportReporter -->
<testsuite hostname="DESKTOP-OE0KDNJ" failures="0" tests="1" name="TEstNGPages.BeforeTestEx" time="5.046" errors="0" timestamp="2021-12-01T12:42:10 IST" skipped="0">
  <testcase classname="TEstNGPages.BeforeTestEx" name="getTittle" time="5.046"/>
  <system-out/>
</testsuite> <!-- TEstNGPages.BeforeTestEx -->
