<?xml version="1.0" encoding="UTF-8"?>
<!-- Generated by org.testng.reporters.JUnitReportReporter -->
<testsuite hostname="DESKTOP-OE0KDNJ" failures="0" tests="1" name="com.inetBanking.testCases.TC_LoginTest_001" time="3.768" errors="0" timestamp="2021-12-03T15:46:06 IST" skipped="0">
  <testcase classname="com.inetBanking.testCases.TC_LoginTest_001" name="loginTest" time="3.768"/>
  <system-out/>
</testsuite> <!-- com.inetBanking.testCases.TC_LoginTest_001 -->
